# JRE version: OpenJDK Runtime Environment Temurin-17.0.1+12 (17.0.1+12) (build 17.0.1+12)
# Java VM: OpenJDK 64-Bit Server VM Temurin-17.0.1+12 (17.0.1+12, mixed mode, tiered, compressed oops, compressed class ptrs, g1 gc, windows-amd64)
GC Precious Log:
 CPUs: 4 total, 4 available
 Memory: 8088M
 Large Page Support: Disabled
 NUMA Support: Disabled
 Compressed Oops: Enabled (32-bit)
 Heap Region Size: 1M
 Heap Min Capacity: 8M
 Heap Initial Capacity: 128M
 Heap Max Capacity: 2024M
 Pre-touch: Disabled
 Parallel Workers: 4
 Concurrent Workers: 1
 Concurrent Refinement Workers: 4
 Periodic GC: Disabled
Heap:
 garbage-first heap   total 61440K, used 28110K [0x0000000081800000, 0x0000000100000000)
  region size 1024K, 7 young (7168K), 4 survivors (4096K)
 Metaspace       used 64018K, committed 64320K, reserved 1105920K
  class space    used 8337K, committed 8448K, reserved 1048576K
GC Heap History (20 events):
Event: 1.876 GC heap before
{Heap before GC invocations=6 (full 0):
 garbage-first heap   total 37888K, used 23766K [0x0000000081800000, 0x0000000100000000)
  region size 1024K, 18 young (18432K), 4 survivors (4096K)
 Metaspace       used 23830K, committed 24000K, reserved 1073152K
  class space    used 2741K, committed 2816K, reserved 1048576K
}
Event: 1.881 GC heap after
{Heap after GC invocations=7 (full 0):
 garbage-first heap   total 37888K, used 10484K [0x0000000081800000, 0x0000000100000000)
  region size 1024K, 2 young (2048K), 2 survivors (2048K)
 Metaspace       used 23830K, committed 24000K, reserved 1073152K
  class space    used 2741K, committed 2816K, reserved 1048576K
}
Event: 1.903 GC heap before
{Heap before GC invocations=7 (full 0):
 garbage-first heap   total 37888K, used 24820K [0x0000000081800000, 0x0000000100000000)
  region size 1024K, 17 young (17408K), 2 survivors (2048K)
 Metaspace       used 24397K, committed 24576K, reserved 1073152K
  class space    used 2787K, committed 2880K, reserved 1048576K
}
Event: 1.906 GC heap after
{Heap after GC invocations=8 (full 0):
 garbage-first heap   total 75776K, used 10665K [0x0000000081800000, 0x0000000100000000)
  region size 1024K, 2 young (2048K), 2 survivors (2048K)
 Metaspace       used 24397K, committed 24576K, reserved 1073152K
  class space    used 2787K, committed 2880K, reserved 1048576K
}
Event: 3.093 GC heap before
{Heap before GC invocations=8 (full 0):
 garbage-first heap   total 75776K, used 53673K [0x0000000081800000, 0x0000000100000000)
  region size 1024K, 44 young (45056K), 2 survivors (2048K)
 Metaspace       used 30877K, committed 31104K, reserved 1081344K
  class space    used 3639K, committed 3712K, reserved 1048576K
}
Event: 3.098 GC heap after
{Heap after GC invocations=9 (full 0):
 garbage-first heap   total 75776K, used 12896K [0x0000000081800000, 0x0000000100000000)
  region size 1024K, 4 young (4096K), 4 survivors (4096K)
 Metaspace       used 30877K, committed 31104K, reserved 1081344K
  class space    used 3639K, committed 3712K, reserved 1048576K
}
Event: 4.082 GC heap before
{Heap before GC invocations=9 (full 0):
 garbage-first heap   total 75776K, used 34400K [0x0000000081800000, 0x0000000100000000)
  region size 1024K, 26 young (26624K), 4 survivors (4096K)
 Metaspace       used 35820K, committed 36096K, reserved 1081344K
  class space    used 4333K, committed 4480K, reserved 1048576K
}
Event: 4.092 GC heap after
{Heap after GC invocations=10 (full 0):
 garbage-first heap   total 75776K, used 15387K [0x0000000081800000, 0x0000000100000000)
  region size 1024K, 6 young (6144K), 6 survivors (6144K)
 Metaspace       used 35820K, committed 36096K, reserved 1081344K
  class space    used 4333K, committed 4480K, reserved 1048576K
}
Event: 4.286 GC heap before
{Heap before GC invocations=11 (full 0):
 garbage-first heap   total 61440K, used 48155K [0x0000000081800000, 0x0000000100000000)
  region size 1024K, 40 young (40960K), 6 survivors (6144K)
 Metaspace       used 37422K, committed 37760K, reserved 1089536K
  class space    used 4490K, committed 4672K, reserved 1048576K
}
Event: 4.295 GC heap after
{Heap after GC invocations=12 (full 0):
 garbage-first heap   total 61440K, used 16195K [0x0000000081800000, 0x0000000100000000)
  region size 1024K, 4 young (4096K), 4 survivors (4096K)
 Metaspace       used 37422K, committed 37760K, reserved 1089536K
  class space    used 4490K, committed 4672K, reserved 1048576K
}
Event: 4.902 GC heap before
{Heap before GC invocations=12 (full 0):
 garbage-first heap   total 61440K, used 44867K [0x0000000081800000, 0x0000000100000000)
  region size 1024K, 33 young (33792K), 4 survivors (4096K)
 Metaspace       used 41217K, committed 41472K, reserved 1089536K
  class space    used 5052K, committed 5184K, reserved 1048576K
}
Event: 4.907 GC heap after
{Heap after GC invocations=13 (full 0):
 garbage-first heap   total 61440K, used 17644K [0x0000000081800000, 0x0000000100000000)
  region size 1024K, 3 young (3072K), 3 survivors (3072K)
 Metaspace       used 41217K, committed 41472K, reserved 1089536K
  class space    used 5052K, committed 5184K, reserved 1048576K
}
Event: 5.969 GC heap before
{Heap before GC invocations=13 (full 0):
 garbage-first heap   total 61440K, used 46316K [0x0000000081800000, 0x0000000100000000)
  region size 1024K, 31 young (31744K), 3 survivors (3072K)
 Metaspace       used 49503K, committed 49920K, reserved 1097728K
  class space    used 6211K, committed 6400K, reserved 1048576K
}
Event: 5.974 GC heap after
{Heap after GC invocations=14 (full 0):
 garbage-first heap   total 61440K, used 20008K [0x0000000081800000, 0x0000000100000000)
  region size 1024K, 4 young (4096K), 4 survivors (4096K)
 Metaspace       used 49503K, committed 49920K, reserved 1097728K
  class space    used 6211K, committed 6400K, reserved 1048576K
}
Event: 7.005 GC heap before
{Heap before GC invocations=14 (full 0):
 garbage-first heap   total 61440K, used 47656K [0x0000000081800000, 0x0000000100000000)
  region size 1024K, 31 young (31744K), 4 survivors (4096K)
 Metaspace       used 56061K, committed 56384K, reserved 1105920K
  class space    used 7217K, committed 7360K, reserved 1048576K
}
Event: 7.011 GC heap after
{Heap after GC invocations=15 (full 0):
 garbage-first heap   total 61440K, used 22052K [0x0000000081800000, 0x0000000100000000)
  region size 1024K, 2 young (2048K), 2 survivors (2048K)
 Metaspace       used 56061K, committed 56384K, reserved 1105920K
  class space    used 7217K, committed 7360K, reserved 1048576K
}
Event: 7.735 GC heap before
{Heap before GC invocations=15 (full 0):
 garbage-first heap   total 61440K, used 44580K [0x0000000081800000, 0x0000000100000000)
  region size 1024K, 25 young (25600K), 2 survivors (2048K)
 Metaspace       used 60146K, committed 60480K, reserved 1105920K
  class space    used 7761K, committed 7936K, reserved 1048576K
}
Event: 7.740 GC heap after
{Heap after GC invocations=16 (full 0):
 garbage-first heap   total 61440K, used 23647K [0x0000000081800000, 0x0000000100000000)
  region size 1024K, 4 young (4096K), 4 survivors (4096K)
 Metaspace       used 60146K, committed 60480K, reserved 1105920K
  class space    used 7761K, committed 7936K, reserved 1048576K
}
Event: 8.626 GC heap before
{Heap before GC invocations=17 (full 0):
 garbage-first heap   total 61440K, used 47199K [0x0000000081800000, 0x0000000100000000)
  region size 1024K, 28 young (28672K), 4 survivors (4096K)
 Metaspace       used 63283K, committed 63616K, reserved 1105920K
  class space    used 8252K, committed 8448K, reserved 1048576K
}
Event: 8.632 GC heap after
{Heap after GC invocations=18 (full 0):
 garbage-first heap   total 61440K, used 26062K [0x0000000081800000, 0x0000000100000000)
  region size 1024K, 4 young (4096K), 4 survivors (4096K)
 Metaspace       used 63283K, committed 63616K, reserved 1105920K
  class space    used 8252K, committed 8448K, reserved 1048576K
}

